0 info it worked if it ends with ok
1 verbose cli [ 'C:\\Program Files\\nodejs\\node.exe',
1 verbose cli   'C:\\Program Files\\nodejs\\node_modules\\npm\\bin\\npm-cli.js',
1 verbose cli   'run',
1 verbose cli   'build' ]
2 info using npm@3.10.10
3 info using node@v6.10.0
4 verbose run-script [ 'prebuild', 'build', 'postbuild' ]
5 info lifecycle react-learn@1.0.0~prebuild: react-learn@1.0.0
6 silly lifecycle react-learn@1.0.0~prebuild: no script for prebuild, continuing
7 info lifecycle react-learn@1.0.0~build: react-learn@1.0.0
8 verbose lifecycle react-learn@1.0.0~build: unsafe-perm in lifecycle true
9 verbose lifecycle react-learn@1.0.0~build: PATH: C:\Program Files\nodejs\node_modules\npm\bin\node-gyp-bin;C:\Users\sekha\github\react-learn2\node_modules\.bin;C:\Program Files\Microsoft MPI\Bin\;C:\ProgramData\Oracle\Java\javapath;C:\Windows\system32;C:\Windows;C:\Windows\System32\Wbem;C:\Windows\System32\WindowsPowerShell\v1.0\;C:\Program Files\nodejs\;C:\Program Files\Git\cmd;C:\Program Files (x86)\NVIDIA Corporation\PhysX\Common;C:\Program Files (x86)\Skype\Phone\;C:\WINDOWS\system32;C:\WINDOWS;C:\WINDOWS\System32\Wbem;C:\WINDOWS\System32\WindowsPowerShell\v1.0\;C:\Program Files\Microsoft SQL Server\130\Tools\Binn\;C:\Program Files\dotnet\;C:\Program Files\MacType;C:\ProgramData\chocolatey\bin;C:\Program Files (x86)\Brackets\command;C:\Users\sekha\AppData\Local\Android\Sdk\platform-tools;C:\Ruby24-x64\bin;C:\Users\sekha\AppData\Local\Microsoft\WindowsApps;C:\Users\sekha\AppData\Roaming\npm;C:\ProgramData\sekha\atom\bin;C:\Users\sekha\AppData\Local\Android\Sdk\platform-tools;;C:\Users\sekha\AppData\Local\Microsoft\WindowsApps;C:\Program Files\Microsoft VS Code\bin
10 verbose lifecycle react-learn@1.0.0~build: CWD: C:\Users\sekha\github\react-learn2
11 silly lifecycle react-learn@1.0.0~build: Args: [ '/d /s /c', 'webpack' ]
12 silly lifecycle react-learn@1.0.0~build: Returned: code: 3221225786  signal: null
13 info lifecycle react-learn@1.0.0~build: Failed to exec build script
14 verbose stack Error: react-learn@1.0.0 build: `webpack`
14 verbose stack Exit status 3221225786
14 verbose stack     at EventEmitter.<anonymous> (C:\Program Files\nodejs\node_modules\npm\lib\utils\lifecycle.js:255:16)
14 verbose stack     at emitTwo (events.js:106:13)
14 verbose stack     at EventEmitter.emit (events.js:191:7)
14 verbose stack     at ChildProcess.<anonymous> (C:\Program Files\nodejs\node_modules\npm\lib\utils\spawn.js:40:14)
14 verbose stack     at emitTwo (events.js:106:13)
14 verbose stack     at ChildProcess.emit (events.js:191:7)
14 verbose stack     at maybeClose (internal/child_process.js:877:16)
14 verbose stack     at Process.ChildProcess._handle.onexit (internal/child_process.js:226:5)
15 verbose pkgid react-learn@1.0.0
16 verbose cwd C:\Users\sekha\github\react-learn2
17 error Windows_NT 10.0.16299
18 error argv "C:\\Program Files\\nodejs\\node.exe" "C:\\Program Files\\nodejs\\node_modules\\npm\\bin\\npm-cli.js" "run" "build"
19 error node v6.10.0
20 error npm  v3.10.10
21 error code ELIFECYCLE
22 error react-learn@1.0.0 build: `webpack`
22 error Exit status 3221225786
23 error Failed at the react-learn@1.0.0 build script 'webpack'.
23 error Make sure you have the latest version of node.js and npm installed.
23 error If you do, this is most likely a problem with the react-learn package,
23 error not with npm itself.
23 error Tell the author that this fails on your system:
23 error     webpack
23 error You can get information on how to open an issue for this project with:
23 error     npm bugs react-learn
23 error Or if that isn't available, you can get their info via:
23 error     npm owner ls react-learn
23 error There is likely additional logging output above.
24 verbose exit [ 1, true ]
